<?xml version="1.0" encoding="UTF-8"?>
<!-- Generated by org.testng.reporters.JUnitReportReporter -->
<testsuite hostname="DESKTOP-ABDFQ7A" failures="0" tests="1" name="com.selenium.mydemo.Demo" time="10.805" errors="0" timestamp="18 Jul 2021 17:37:32 GMT" skipped="0">
  <testcase classname="com.selenium.mydemo.Demo" name="login" time="10.805"/>
</testsuite> <!-- com.selenium.mydemo.Demo -->
