<?xml version="1.0" encoding="UTF-8"?>
<!-- Generated by org.testng.reporters.JUnitReportReporter -->
<testsuite hostname="DESKTOP-ABDFQ7A" failures="0" tests="2" name="com.bank.testcases.HomePageTest" time="17.858" errors="0" timestamp="01 Aug 2021 16:37:15 GMT" skipped="0">
  <testcase classname="com.bank.testcases.HomePageTest" name="ValidateLogoTest" time="6.926"/>
  <testcase classname="com.bank.testcases.HomePageTest" name="AddcustomerTest" time="10.932"/>
</testsuite> <!-- com.bank.testcases.HomePageTest -->
