<?xml version="1.0" encoding="UTF-8"?>
<!-- Generated by org.testng.reporters.JUnitReportReporter -->
<testsuite hostname="DESKTOP-ABDFQ7A" failures="0" tests="3" name="com.bank.testcases.LoginPageTest" time="29.276" errors="0" timestamp="01 Aug 2021 16:05:47 GMT" skipped="0">
  <testcase classname="com.bank.testcases.LoginPageTest" name="logoimageTest" time="7.591"/>
  <testcase classname="com.bank.testcases.LoginPageTest" name="LoginTitleTest" time="8.825"/>
  <testcase classname="com.bank.testcases.LoginPageTest" name="LoginSucessTest" time="12.860"/>
</testsuite> <!-- com.bank.testcases.LoginPageTest -->
