<?xml version="1.0" encoding="UTF-8"?>
<!-- Generated by org.testng.reporters.JUnitReportReporter -->
<testsuite hostname="DESKTOP-ABDFQ7A" failures="0" tests="1" name="com.selenium.mydemo.TakeScreenshot" time="12.954" errors="0" timestamp="18 Jul 2021 18:03:55 GMT" skipped="0">
  <testcase classname="com.selenium.mydemo.TakeScreenshot" name="setup" time="12.954"/>
</testsuite> <!-- com.selenium.mydemo.TakeScreenshot -->
